14:04:33: Creating resource group General
14:04:33: Creating resource group Internal
14:04:33: Creating resource group Autodetect
14:04:33: SceneManagerFactory for type 'DefaultSceneManager' registered.
14:04:33: Registering ResourceManager for type Material
14:04:33: Registering ResourceManager for type Mesh
14:04:33: Registering ResourceManager for type Skeleton
14:04:33: MovableObjectFactory for type 'ParticleSystem' registered.
14:04:33: OverlayElementFactory for type Panel registered.
14:04:33: OverlayElementFactory for type BorderPanel registered.
14:04:33: OverlayElementFactory for type TextArea registered.
14:04:33: Registering ResourceManager for type Font
14:04:33: ArchiveFactory for archive type FileSystem registered.
14:04:33: ArchiveFactory for archive type Zip registered.
14:04:33: ArchiveFactory for archive type EmbeddedZip registered.
14:04:33: DDS codec registering
14:04:33: FreeImage version: 3.15.4
14:04:33: This program uses FreeImage, a free, open source image library supporting all common bitmap formats. See http://freeimage.sourceforge.net for details
14:04:33: Supported formats: bmp,ico,jpg,jif,jpeg,jpe,jng,koa,iff,lbm,mng,pbm,pbm,pcd,pcx,pgm,pgm,png,ppm,ppm,ras,tga,targa,tif,tiff,wap,wbmp,wbm,psd,cut,xbm,xpm,gif,hdr,g3,sgi,exr,j2k,j2c,jp2,pfm,pct,pict,pic,3fr,arw,bay,bmq,cap,cine,cr2,crw,cs1,dc2,dcr,drf,dsc,dng,erf,fff,ia,iiq,k25,kc2,kdc,mdc,mef,mos,mrw,nef,nrw,orf,pef,ptx,pxn,qtk,raf,raw,rdc,rw2,rwl,rwz,sr2,srf,srw,sti
14:04:33: Registering ResourceManager for type HighLevelGpuProgram
14:04:33: Registering ResourceManager for type Compositor
14:04:33: MovableObjectFactory for type 'Entity' registered.
14:04:33: MovableObjectFactory for type 'Light' registered.
14:04:33: MovableObjectFactory for type 'BillboardSet' registered.
14:04:33: MovableObjectFactory for type 'ManualObject' registered.
14:04:33: MovableObjectFactory for type 'BillboardChain' registered.
14:04:33: MovableObjectFactory for type 'RibbonTrail' registered.
14:04:33: Loading library C:\Program Files\Gazebo\ogre_src_v1-8-1-vc12-x64-release-debug\build\install\Debug\bin\Debug\RenderSystem_GL_d
14:04:33: Installing plugin: GL RenderSystem
14:04:33: OpenGL Rendering Subsystem created.
14:04:33: Plugin successfully installed
14:04:33: Loading library C:\Program Files\Gazebo\ogre_src_v1-8-1-vc12-x64-release-debug\build\install\Debug\bin\Debug\Plugin_ParticleFX_d
14:04:33: Installing plugin: ParticleFX
14:04:33: Particle Emitter Type 'Point' registered
14:04:33: Particle Emitter Type 'Box' registered
14:04:33: Particle Emitter Type 'Ellipsoid' registered
14:04:33: Particle Emitter Type 'Cylinder' registered
14:04:33: Particle Emitter Type 'Ring' registered
14:04:33: Particle Emitter Type 'HollowEllipsoid' registered
14:04:33: Particle Affector Type 'LinearForce' registered
14:04:33: Particle Affector Type 'ColourFader' registered
14:04:33: Particle Affector Type 'ColourFader2' registered
14:04:33: Particle Affector Type 'ColourImage' registered
14:04:33: Particle Affector Type 'ColourInterpolator' registered
14:04:33: Particle Affector Type 'Scaler' registered
14:04:33: Particle Affector Type 'Rotator' registered
14:04:33: Particle Affector Type 'DirectionRandomiser' registered
14:04:33: Particle Affector Type 'DeflectorPlane' registered
14:04:33: Plugin successfully installed
14:04:33: Loading library C:\Program Files\Gazebo\ogre_src_v1-8-1-vc12-x64-release-debug\build\install\Debug\bin\Debug\Plugin_BSPSceneManager_d
14:04:33: Installing plugin: BSP Scene Manager
14:04:33: Plugin successfully installed
14:04:33: Loading library C:\Program Files\Gazebo\ogre_src_v1-8-1-vc12-x64-release-debug\build\install\Debug\bin\Debug\Plugin_PCZSceneManager_d
14:04:33: Installing plugin: Portal Connected Zone Scene Manager
14:04:33: PCZone Factory Type 'ZoneType_Default' registered
14:04:33: Plugin successfully installed
14:04:33: Loading library C:\Program Files\Gazebo\ogre_src_v1-8-1-vc12-x64-release-debug\build\install\Debug\bin\Debug\Plugin_OctreeZone_d
14:04:33: Installing plugin: Octree Zone Factory
14:04:33: Plugin successfully installed
14:04:33: Loading library C:\Program Files\Gazebo\ogre_src_v1-8-1-vc12-x64-release-debug\build\install\Debug\bin\Debug\Plugin_OctreeSceneManager_d
14:04:33: Installing plugin: Octree Scene Manager
14:04:33: Plugin successfully installed
14:04:33: *-*-* OGRE Initialising
14:04:33: *-*-* Version 1.8.1 (Byatis)
14:04:33: CPU Identifier & Features
14:04:33: -------------------------
14:04:33:  *   CPU ID: GenuineIntel: Intel(R) Core(TM) i7-4702MQ CPU @ 2.20GHz
14:04:33:  *      SSE: yes
14:04:33:  *     SSE2: yes
14:04:33:  *     SSE3: yes
14:04:33:  *      MMX: yes
14:04:33:  *   MMXEXT: yes
14:04:33:  *    3DNOW: no
14:04:33:  * 3DNOWEXT: no
14:04:33:  *     CMOV: yes
14:04:33:  *      TSC: yes
14:04:33:  *      FPU: yes
14:04:33:  *      PRO: yes
14:04:33:  *       HT: no
14:04:33: -------------------------
14:04:33: *** Starting Win32GL Subsystem ***
14:04:33: Registering ResourceManager for type Texture
14:04:33: Added resource location '\Program Files\Gazebo\gazebo\/' of type 'FileSystem' to resource group 'General'
14:04:33: Added resource location '\Program Files\Gazebo\gazebo\/media' of type 'FileSystem' to resource group 'General'
14:04:33: Creating resource group SkyX
14:04:33: Added resource location '\Program Files\Gazebo\gazebo\/media/skyx' of type 'FileSystem' to resource group 'SkyX'
14:04:33: Added resource location '\Program Files\Gazebo\gazebo\/media/rtshaderlib' of type 'FileSystem' to resource group 'General'
14:04:33: Added resource location '\Program Files\Gazebo\gazebo\/media/materials/programs' of type 'FileSystem' to resource group 'General'
14:04:33: Added resource location '\Program Files\Gazebo\gazebo\/media/materials/scripts' of type 'FileSystem' to resource group 'General'
14:04:33: Added resource location '\Program Files\Gazebo\gazebo\/media/materials/textures' of type 'FileSystem' to resource group 'General'
14:04:33: Added resource location '\Program Files\Gazebo\gazebo\/media/media/models' of type 'FileSystem' to resource group 'General'
14:04:33: Creating resource group Fonts
14:04:33: Added resource location '\Program Files\Gazebo\gazebo\/media/fonts' of type 'FileSystem' to resource group 'Fonts'
14:04:33: Creating resource group LookNFeel
14:04:33: Added resource location '\Program Files\Gazebo\gazebo\/media/gui/looknfeel' of type 'FileSystem' to resource group 'LookNFeel'
14:04:33: Creating resource group Schemes
14:04:33: Added resource location '\Program Files\Gazebo\gazebo\/media/gui/schemes' of type 'FileSystem' to resource group 'Schemes'
14:04:33: Creating resource group Imagesets
14:04:33: Added resource location '\Program Files\Gazebo\gazebo\/media/gui/imagesets' of type 'FileSystem' to resource group 'Imagesets'
14:04:33: Added resource location '\Program Files\Gazebo\gazebo\/media/gui/fonts' of type 'FileSystem' to resource group 'Fonts'
14:04:33: Creating resource group Layouts
14:04:33: Added resource location '\Program Files\Gazebo\gazebo\/media/gui/layouts' of type 'FileSystem' to resource group 'Layouts'
14:04:33: Creating resource group Animations
14:04:33: Added resource location '\Program Files\Gazebo\gazebo\/media/gui/animations' of type 'FileSystem' to resource group 'Animations'
14:04:33: Added resource location '\Program Files\Gazebo\gazebo\/Media' of type 'FileSystem' to resource group 'General'
14:04:33: Added resource location '\Program Files\Gazebo\gazebo\/Media/skyx' of type 'FileSystem' to resource group 'SkyX'
14:04:33: Added resource location '\Program Files\Gazebo\gazebo\/Media/rtshaderlib' of type 'FileSystem' to resource group 'General'
14:04:33: Added resource location '\Program Files\Gazebo\gazebo\/Media/materials/programs' of type 'FileSystem' to resource group 'General'
14:04:33: Added resource location '\Program Files\Gazebo\gazebo\/Media/materials/scripts' of type 'FileSystem' to resource group 'General'
14:04:33: Added resource location '\Program Files\Gazebo\gazebo\/Media/materials/textures' of type 'FileSystem' to resource group 'General'
14:04:33: Added resource location '\Program Files\Gazebo\gazebo\/Media/media/models' of type 'FileSystem' to resource group 'General'
14:04:33: Added resource location '\Program Files\Gazebo\gazebo\/Media/fonts' of type 'FileSystem' to resource group 'Fonts'
14:04:33: Added resource location '\Program Files\Gazebo\gazebo\/Media/gui/looknfeel' of type 'FileSystem' to resource group 'LookNFeel'
14:04:33: Added resource location '\Program Files\Gazebo\gazebo\/Media/gui/schemes' of type 'FileSystem' to resource group 'Schemes'
14:04:33: Added resource location '\Program Files\Gazebo\gazebo\/Media/gui/imagesets' of type 'FileSystem' to resource group 'Imagesets'
14:04:33: Added resource location '\Program Files\Gazebo\gazebo\/Media/gui/fonts' of type 'FileSystem' to resource group 'Fonts'
14:04:33: Added resource location '\Program Files\Gazebo\gazebo\/Media/gui/layouts' of type 'FileSystem' to resource group 'Layouts'
14:04:33: Added resource location '\Program Files\Gazebo\gazebo\/Media/gui/animations' of type 'FileSystem' to resource group 'Animations'
14:04:33: GLRenderSystem::_createRenderWindow "OgreWindow(0)", 1x1 windowed  miscParams: FSAA=4 border=none externalWindowHandle=0 macAPI=carbon stereoMode=Frame Sequential 
14:04:33: Created Win32Window 'OgreWindow(0)' : 1x1, 32bpp
14:04:33: GL_VERSION = 4.3.0 - Build 10.18.15.4256
14:04:33: GL_VENDOR = Intel
14:04:33: GL_RENDERER = Intel(R) HD Graphics 4600
14:04:33: GL_EXTENSIONS = GL_EXT_blend_minmax GL_EXT_blend_subtract GL_EXT_blend_color GL_EXT_abgr GL_EXT_texture3D GL_EXT_clip_volume_hint GL_EXT_compiled_vertex_array GL_SGIS_texture_edge_clamp GL_SGIS_generate_mipmap GL_EXT_draw_range_elements GL_SGIS_texture_lod GL_EXT_rescale_normal GL_EXT_packed_pixels GL_EXT_texture_edge_clamp GL_EXT_separate_specular_color GL_ARB_multitexture GL_ARB_map_buffer_alignment GL_ARB_conservative_depth GL_EXT_texture_env_combine GL_EXT_bgra GL_EXT_blend_func_separate GL_EXT_secondary_color GL_EXT_fog_coord GL_EXT_texture_env_add GL_ARB_texture_cube_map GL_ARB_transpose_matrix GL_ARB_internalformat_query GL_ARB_internalformat_query2 GL_ARB_texture_env_add GL_IBM_texture_mirrored_repeat GL_ARB_texture_mirrored_repeat GL_EXT_multi_draw_arrays GL_SUN_multi_draw_arrays GL_NV_blend_square GL_ARB_texture_compression GL_3DFX_texture_compression_FXT1 GL_EXT_texture_filter_anisotropic GL_ARB_texture_border_clamp GL_ARB_point_parameters GL_ARB_texture_env_combine GL_ARB_texture_env_dot3 GL_ARB_texture_env_crossbar GL_EXT_texture_compression_s3tc GL_ARB_shadow GL_ARB_window_pos GL_EXT_shadow_funcs GL_EXT_stencil_wrap GL_ARB_vertex_program GL_EXT_texture_rectangle GL_ARB_fragment_program GL_EXT_stencil_two_side GL_ATI_separate_stencil GL_ARB_vertex_buffer_object GL_EXT_texture_lod_bias GL_ARB_occlusion_query GL_ARB_fragment_shader GL_ARB_shader_objects GL_ARB_shading_language_100 GL_ARB_texture_non_power_of_two GL_ARB_vertex_shader GL_NV_texgen_reflection GL_ARB_point_sprite GL_ARB_fragment_program_shadow GL_EXT_blend_equation_separate GL_ARB_depth_texture GL_ARB_texture_rectangle GL_ARB_draw_buffers GL_ARB_color_buffer_float GL_ARB_half_float_pixel GL_ARB_texture_float GL_ARB_pixel_buffer_object GL_EXT_framebuffer_object GL_ARB_draw_instanced GL_ARB_half_float_vertex GL_ARB_occlusion_query2 GL_EXT_draw_buffers2 GL_WIN_swap_hint GL_EXT_texture_sRGB GL_ARB_multisample GL_EXT_packed_float GL_EXT_texture_shared_exponent GL_ARB_texture_rg GL_ARB_texture_compression_rgtc GL_NV_conditional_render GL_ARB_texture_swizzle GL_EXT_texture_swizzle GL_ARB_texture_gather GL_ARB_sync GL_ARB_cl_event GL_ARB_framebuffer_sRGB GL_EXT_packed_depth_stencil GL_ARB_depth_buffer_float GL_EXT_transform_feedback GL_ARB_transform_feedback2 GL_ARB_draw_indirect GL_EXT_framebuffer_blit GL_EXT_framebuffer_multisample GL_ARB_framebuffer_object GL_ARB_framebuffer_no_attachments GL_EXT_texture_array GL_EXT_texture_integer GL_ARB_map_buffer_range GL_ARB_texture_buffer_range GL_EXT_texture_snorm GL_ARB_blend_func_extended GL_INTEL_performance_query GL_ARB_copy_buffer GL_ARB_sampler_objects GL_NV_primitive_restart GL_ARB_seamless_cube_map GL_ARB_seamless_cubemap_per_texture GL_ARB_uniform_buffer_object GL_ARB_depth_clamp GL_ARB_vertex_array_bgra GL_ARB_shader_bit_encoding GL_ARB_draw_buffers_blend GL_ARB_geometry_shader4 GL_EXT_geometry_shader4 GL_ARB_texture_query_lod GL_ARB_explicit_attrib_location GL_ARB_draw_elements_base_vertex GL_EXT_shader_integer_mix GL_ARB_instanced_arrays GL_ARB_base_instance GL_ARB_fragment_coord_conventions GL_EXT_gpu_program_parameters GL_ARB_texture_buffer_object_rgb32 GL_ARB_compatibility GL_ARB_texture_rgb10_a2ui GL_ARB_texture_multisample GL_ARB_vertex_type_2_10_10_10_rev GL_ARB_vertex_type_10f_11f_11f_rev GL_ARB_timer_query GL_ARB_tessellation_shader GL_ARB_vertex_array_object GL_ARB_provoking_vertex GL_ARB_sample_shading GL_ARB_texture_cube_map_array GL_EXT_gpu_shader4 GL_ARB_gpu_shader5 GL_ARB_gpu_shader_fp64 GL_INTEL_fragment_shader_ordering GL_EXT_clip_control GL_ARB_shader_subroutine GL_ARB_transform_feedback3 GL_ARB_get_program_binary GL_ARB_separate_shader_objects GL_ARB_shader_precision GL_ARB_vertex_attrib_64bit GL_ARB_viewport_array GL_ARB_transform_feedback_instanced GL_ARB_compressed_texture_pixel_storage GL_ARB_shader_atomic_counters GL_ARB_shading_language_packing GL_ARB_shader_image_load_store GL_ARB_shading_language_420pack GL_ARB_texture_storage GL_EXT_texture_storage GL_ARB_compute_shader GL_ARB_vertex_attrib_binding GL_ARB_texture_view GL_ARB_fragment_layer_viewport GL_ARB_multi_draw_indirect GL_ARB_program_interface_query GL_ARB_shader_image_size GL_ARB_shader_storage_buffer_object GL_ARB_texture_storage_multisample GL_ARB_buffer_storage GL_AMD_vertex_shader_layer GL_AMD_vertex_shader_viewport_index GL_ARB_query_buffer_object GL_EXT_polygon_offset_clamp GL_ARB_clear_texture GL_ARB_texture_mirror_clamp_to_edge GL_ARB_debug_output GL_ARB_enhanced_layouts GL_KHR_debug GL_ARB_arrays_of_arrays GL_ARB_texture_query_levels GL_ARB_invalidate_subdata GL_ARB_clear_buffer_object GL_INTEL_map_texture GL_ARB_texture_compression_bptc GL_ARB_ES2_compatibility GL_ARB_ES3_compatibility GL_ARB_robustness GL_ARB_robust_buffer_access_behavior GL_EXT_texture_sRGB_decode GL_ARB_copy_image GL_KHR_blend_equation_advanced GL_EXT_direct_state_access GL_ARB_stencil_texturing GL_ARB_texture_stencil8 GL_ARB_explicit_uniform_location GL_ARB_multi_bind GL_ARB_indirect_parameters 
14:04:33: Supported WGL extensions: WGL_EXT_depth_float WGL_ARB_buffer_region WGL_ARB_extensions_string WGL_ARB_make_current_read WGL_ARB_pixel_format WGL_ARB_pbuffer WGL_EXT_extensions_string WGL_EXT_swap_control WGL_EXT_swap_control_tear WGL_ARB_multisample WGL_ARB_pixel_format_float WGL_ARB_framebuffer_sRGB WGL_ARB_create_context WGL_ARB_create_context_profile WGL_EXT_pixel_format_packed_float WGL_EXT_create_context_es_profile WGL_EXT_create_context_es2_profile WGL_NV_DX_interop WGL_ARB_create_context_robustness 
14:04:33: ***************************
14:04:33: *** GL Renderer Started ***
14:04:33: ***************************
14:04:33: Registering ResourceManager for type GpuProgram
14:04:33: GLSL support detected
14:04:33: GL: Using GL_EXT_framebuffer_object for rendering to textures (best)
14:04:33: FBO PF_UNKNOWN depth/stencil support: D0S1 D0S4 D0S8 D0S16 D16S0 D16S1 D16S4 D16S8 D16S16 D24S0 D24S1 D24S4 D24S8 D24S16 D32S0 D32S1 D32S4 D32S8 D32S16 Packed-D24S8 
14:04:33: FBO PF_A8 depth/stencil support: D0S0 D0S1 D0S4 D0S8 D0S16 D16S0 D16S1 D16S4 D16S8 D16S16 D24S0 D24S1 D24S4 D24S8 D24S16 D32S0 D32S1 D32S4 D32S8 D32S16 Packed-D24S8 
14:04:33: FBO PF_R5G6B5 depth/stencil support: D0S0 D0S1 D0S4 D0S8 D0S16 D16S0 D16S1 D16S4 D16S8 D16S16 D24S0 D24S1 D24S4 D24S8 D24S16 D32S0 D32S1 D32S4 D32S8 D32S16 Packed-D24S8 
14:04:33: FBO PF_B5G6R5 depth/stencil support: D0S0 D0S1 D0S4 D0S8 D0S16 D16S0 D16S1 D16S4 D16S8 D16S16 D24S0 D24S1 D24S4 D24S8 D24S16 D32S0 D32S1 D32S4 D32S8 D32S16 Packed-D24S8 
14:04:33: FBO PF_A4R4G4B4 depth/stencil support: D0S0 D0S1 D0S4 D0S8 D0S16 D16S0 D16S1 D16S4 D16S8 D16S16 D24S0 D24S1 D24S4 D24S8 D24S16 D32S0 D32S1 D32S4 D32S8 D32S16 Packed-D24S8 
14:04:33: FBO PF_A1R5G5B5 depth/stencil support: D0S0 D0S1 D0S4 D0S8 D0S16 D16S0 D16S1 D16S4 D16S8 D16S16 D24S0 D24S1 D24S4 D24S8 D24S16 D32S0 D32S1 D32S4 D32S8 D32S16 Packed-D24S8 
14:04:33: FBO PF_R8G8B8 depth/stencil support: D0S0 D0S1 D0S4 D0S8 D0S16 D16S0 D16S1 D16S4 D16S8 D16S16 D24S0 D24S1 D24S4 D24S8 D24S16 D32S0 D32S1 D32S4 D32S8 D32S16 Packed-D24S8 
14:04:33: FBO PF_B8G8R8 depth/stencil support: D0S0 D0S1 D0S4 D0S8 D0S16 D16S0 D16S1 D16S4 D16S8 D16S16 D24S0 D24S1 D24S4 D24S8 D24S16 D32S0 D32S1 D32S4 D32S8 D32S16 Packed-D24S8 
14:04:33: FBO PF_A8R8G8B8 depth/stencil support: D0S0 D0S1 D0S4 D0S8 D0S16 D16S0 D16S1 D16S4 D16S8 D16S16 D24S0 D24S1 D24S4 D24S8 D24S16 D32S0 D32S1 D32S4 D32S8 D32S16 Packed-D24S8 
14:04:33: FBO PF_B8G8R8A8 depth/stencil support: D0S0 D0S1 D0S4 D0S8 D0S16 D16S0 D16S1 D16S4 D16S8 D16S16 D24S0 D24S1 D24S4 D24S8 D24S16 D32S0 D32S1 D32S4 D32S8 D32S16 Packed-D24S8 
14:04:33: FBO PF_A2R10G10B10 depth/stencil support: D0S0 D0S1 D0S4 D0S8 D0S16 D16S0 D16S1 D16S4 D16S8 D16S16 D24S0 D24S1 D24S4 D24S8 D24S16 D32S0 D32S1 D32S4 D32S8 D32S16 Packed-D24S8 
14:04:33: FBO PF_A2B10G10R10 depth/stencil support: D0S0 D0S1 D0S4 D0S8 D0S16 D16S0 D16S1 D16S4 D16S8 D16S16 D24S0 D24S1 D24S4 D24S8 D24S16 D32S0 D32S1 D32S4 D32S8 D32S16 Packed-D24S8 
14:04:33: FBO PF_FLOAT16_RGB depth/stencil support: D0S0 D0S1 D0S4 D0S8 D0S16 D16S0 D16S1 D16S4 D16S8 D16S16 D24S0 D24S1 D24S4 D24S8 D24S16 D32S0 D32S1 D32S4 D32S8 D32S16 Packed-D24S8 
14:04:33: FBO PF_FLOAT16_RGBA depth/stencil support: D0S0 D0S1 D0S4 D0S8 D0S16 D16S0 D16S1 D16S4 D16S8 D16S16 D24S0 D24S1 D24S4 D24S8 D24S16 D32S0 D32S1 D32S4 D32S8 D32S16 Packed-D24S8 
14:04:33: FBO PF_FLOAT32_RGB depth/stencil support: D0S0 D0S1 D0S4 D0S8 D0S16 D16S0 D16S1 D16S4 D16S8 D16S16 D24S0 D24S1 D24S4 D24S8 D24S16 D32S0 D32S1 D32S4 D32S8 D32S16 Packed-D24S8 
14:04:33: FBO PF_FLOAT32_RGBA depth/stencil support: D0S0 D0S1 D0S4 D0S8 D0S16 D16S0 D16S1 D16S4 D16S8 D16S16 D24S0 D24S1 D24S4 D24S8 D24S16 D32S0 D32S1 D32S4 D32S8 D32S16 Packed-D24S8 
14:04:33: FBO PF_X8R8G8B8 depth/stencil support: D0S0 D0S1 D0S4 D0S8 D0S16 D16S0 D16S1 D16S4 D16S8 D16S16 D24S0 D24S1 D24S4 D24S8 D24S16 D32S0 D32S1 D32S4 D32S8 D32S16 Packed-D24S8 
14:04:33: FBO PF_X8B8G8R8 depth/stencil support: D0S0 D0S1 D0S4 D0S8 D0S16 D16S0 D16S1 D16S4 D16S8 D16S16 D24S0 D24S1 D24S4 D24S8 D24S16 D32S0 D32S1 D32S4 D32S8 D32S16 Packed-D24S8 
14:04:33: FBO PF_SHORT_RGBA depth/stencil support: D0S0 D0S1 D0S4 D0S8 D0S16 D16S0 D16S1 D16S4 D16S8 D16S16 D24S0 D24S1 D24S4 D24S8 D24S16 D32S0 D32S1 D32S4 D32S8 D32S16 Packed-D24S8 
14:04:33: FBO PF_R3G3B2 depth/stencil support: D0S0 D0S1 D0S4 D0S8 D0S16 D16S0 D16S1 D16S4 D16S8 D16S16 D24S0 D24S1 D24S4 D24S8 D24S16 D32S0 D32S1 D32S4 D32S8 D32S16 Packed-D24S8 
14:04:33: FBO PF_SHORT_RGB depth/stencil support: D0S0 D0S1 D0S4 D0S8 D0S16 D16S0 D16S1 D16S4 D16S8 D16S16 D24S0 D24S1 D24S4 D24S8 D24S16 D32S0 D32S1 D32S4 D32S8 D32S16 Packed-D24S8 
14:04:33: [GL] : Valid FBO targets PF_UNKNOWN PF_A8 PF_R5G6B5 PF_B5G6R5 PF_A4R4G4B4 PF_A1R5G5B5 PF_R8G8B8 PF_B8G8R8 PF_A8R8G8B8 PF_B8G8R8A8 PF_A2R10G10B10 PF_A2B10G10R10 PF_FLOAT16_RGB PF_FLOAT16_RGBA PF_FLOAT32_RGB PF_FLOAT32_RGBA PF_X8R8G8B8 PF_X8B8G8R8 PF_SHORT_RGBA PF_R3G3B2 PF_SHORT_RGB 
14:04:33: RenderSystem capabilities
14:04:33: -------------------------
14:04:33: RenderSystem Name: OpenGL Rendering Subsystem
14:04:33: GPU Vendor: intel
14:04:33: Device Name: Intel(R) HD Graphics 4600
14:04:33: Driver Version: 4.3.0.0
14:04:33:  * Fixed function pipeline: yes
14:04:33:  * Hardware generation of mipmaps: no
14:04:33:  * Texture blending: yes
14:04:33:  * Anisotropic texture filtering: yes
14:04:33:  * Dot product texture operation: yes
14:04:33:  * Cube mapping: yes
14:04:33:  * Hardware stencil buffer: yes
14:04:33:    - Stencil depth: 8
14:04:33:    - Two sided stencil support: yes
14:04:33:    - Wrap stencil values: yes
14:04:33:  * Hardware vertex / index buffers: yes
14:04:33:  * Vertex programs: yes
14:04:33:  * Number of floating-point constants for vertex programs: 256
14:04:33:  * Number of integer constants for vertex programs: 0
14:04:33:  * Number of boolean constants for vertex programs: 0
14:04:33:  * Fragment programs: yes
14:04:33:  * Number of floating-point constants for fragment programs: 256
14:04:33:  * Number of integer constants for fragment programs: 0
14:04:33:  * Number of boolean constants for fragment programs: 0
14:04:33:  * Geometry programs: yes
14:04:33:  * Number of floating-point constants for geometry programs: 4096
14:04:33:  * Number of integer constants for geometry programs: 0
14:04:33:  * Number of boolean constants for geometry programs: 0
14:04:33:  * Supported Shader Profiles: arbfp1 arbvp1 glsl gp4gp gpu_gp nvgp4
14:04:33:  * Texture Compression: yes
14:04:33:    - DXT: yes
14:04:33:    - VTC: no
14:04:33:    - PVRTC: no
14:04:33:  * Scissor Rectangle: yes
14:04:33:  * Hardware Occlusion Query: yes
14:04:33:  * User clip planes: yes
14:04:33:  * VET_UBYTE4 vertex element type: yes
14:04:33:  * Infinite far plane projection: yes
14:04:33:  * Hardware render-to-texture: yes
14:04:33:  * Floating point textures: yes
14:04:33:  * Non-power-of-two textures: yes
14:04:33:  * Volume textures: yes
14:04:33:  * Multiple Render Targets: 8
14:04:33:    - With different bit depths: yes
14:04:33:  * Point Sprites: yes
14:04:33:  * Extended point parameters: yes
14:04:33:  * Max Point Size: 255
14:04:33:  * Vertex texture fetch: yes
14:04:33:  * Number of world matrices: 0
14:04:33:  * Number of texture units: 32
14:04:33:  * Stencil buffer depth: 8
14:04:33:  * Number of vertex blend matrices: 0
14:04:33:    - Max vertex textures: 32
14:04:33:    - Vertex textures shared: yes
14:04:33:  * Render to Vertex Buffer : no
14:04:33:  * GL 1.5 without VBO workaround: no
14:04:33:  * Frame Buffer objects: yes
14:04:33:  * Frame Buffer objects (ARB extension): no
14:04:33:  * Frame Buffer objects (ATI extension): no
14:04:33:  * PBuffer support: yes
14:04:33:  * GL 1.5 without HW-occlusion workaround: no
14:04:33:  * Separate shader objects: no
14:04:33: Using FSAA from GL_ARB_multisample extension.
14:04:33: DefaultWorkQueue('Root') initialising on thread 1418.
14:04:33: DefaultWorkQueue('Root')::WorkerFunc - thread 7668 starting.
14:04:33: DefaultWorkQueue('Root')::WorkerFunc - thread 6fdc starting.
14:04:33: DefaultWorkQueue('Root')::WorkerFunc - thread 68c4 starting.
14:04:33: DefaultWorkQueue('Root')::WorkerFunc - thread 1a24 starting.
14:04:33: DefaultWorkQueue('Root')::WorkerFunc - thread 77c4 starting.
14:04:33: DefaultWorkQueue('Root')::WorkerFunc - thread 257c starting.
14:04:33: DefaultWorkQueue('Root')::WorkerFunc - thread 7574 starting.
14:04:33: DefaultWorkQueue('Root')::WorkerFunc - thread 6e44 starting.
14:04:33: Particle Renderer Type 'billboard' registered
14:04:33: SceneManagerFactory for type 'BspSceneManager' registered.
14:04:33: Registering ResourceManager for type BspLevel
14:04:33: SceneManagerFactory for type 'PCZSceneManager' registered.
14:04:33: MovableObjectFactory for type 'PCZLight' registered.
14:04:33: MovableObjectFactory for type 'Portal' registered.
14:04:33: MovableObjectFactory for type 'AntiPortal' registered.
14:04:33: PCZone Factory Type 'ZoneType_Octree' registered
14:04:33: SceneManagerFactory for type 'OctreeSceneManager' registered.
14:04:33: Parsing scripts for resource group Animations
14:04:33: Finished parsing scripts for resource group Animations
14:04:33: Creating resources for group Animations
14:04:33: All done
14:04:33: Parsing scripts for resource group Autodetect
14:04:33: Finished parsing scripts for resource group Autodetect
14:04:33: Creating resources for group Autodetect
14:04:33: All done
14:04:33: Parsing scripts for resource group Fonts
14:04:33: Parsing script Gazebo.fontdef
14:04:33: Parsing script Gazebo.fontdef
14:04:33: Finished parsing scripts for resource group Fonts
14:04:33: Creating resources for group Fonts
14:04:33: All done
14:04:33: Parsing scripts for resource group General
14:04:33: Parsing script deferred_post.program
14:04:33: Parsing script perpixel.program
14:04:33: Parsing script ShadowCaster.program
14:04:33: Parsing script shadow_caster.program
14:04:33: Parsing script VPL.program
14:04:33: Parsing script deferred_post.program
14:04:33: Parsing script perpixel.program
14:04:33: Parsing script ShadowCaster.program
14:04:33: Parsing script shadow_caster.program
14:04:33: Parsing script VPL.program
14:04:33: Parsing script blur.material
14:04:33: Parsing script deferred_post.material
14:04:33: Parsing script deferred_post_minilight.material
14:04:33: Parsing script gazebo.material
14:04:33: Parsing script grid.material
14:04:33: Parsing script kitchen.material
14:04:33: Parsing script oculus.material
14:04:33: Parsing script picker.material
14:04:33: Parsing script ShadowCaster.material
14:04:33: Parsing script ssao.material
14:04:33: Parsing script VPL.material
14:04:33: Parsing script blur.material
14:04:33: Parsing script deferred_post.material
14:04:33: Parsing script deferred_post_minilight.material
14:04:33: Parsing script gazebo.material
14:04:33: Parsing script grid.material
14:04:33: Parsing script kitchen.material
14:04:33: Parsing script oculus.material
14:04:33: Parsing script picker.material
14:04:33: Parsing script ShadowCaster.material
14:04:33: Parsing script ssao.material
14:04:33: Parsing script VPL.material
14:04:33: Parsing script blur.compositor
14:04:33: Parsing script deferred.compositor
14:04:33: Parsing script distortion.compositor
14:04:33: Parsing script noise.compositor
14:04:33: Parsing script ssao.compositor
14:04:33: Parsing script blur.compositor
14:04:33: Parsing script deferred.compositor
14:04:33: Parsing script distortion.compositor
14:04:33: Parsing script noise.compositor
14:04:33: Parsing script ssao.compositor
14:04:33: Finished parsing scripts for resource group General
14:04:33: Creating resources for group General
14:04:33: All done
14:04:33: Parsing scripts for resource group Imagesets
14:04:33: Finished parsing scripts for resource group Imagesets
14:04:33: Creating resources for group Imagesets
14:04:33: All done
14:04:33: Parsing scripts for resource group Internal
14:04:33: Finished parsing scripts for resource group Internal
14:04:33: Creating resources for group Internal
14:04:33: All done
14:04:33: Parsing scripts for resource group Layouts
14:04:33: Finished parsing scripts for resource group Layouts
14:04:33: Creating resources for group Layouts
14:04:33: All done
14:04:33: Parsing scripts for resource group LookNFeel
14:04:33: Finished parsing scripts for resource group LookNFeel
14:04:33: Creating resources for group LookNFeel
14:04:33: All done
14:04:33: Parsing scripts for resource group Schemes
14:04:33: Finished parsing scripts for resource group Schemes
14:04:33: Creating resources for group Schemes
14:04:33: All done
14:04:33: Parsing scripts for resource group SkyX
14:04:33: Parsing script SkyX.material
14:04:33: Parsing script SkyX.material
14:04:33: Finished parsing scripts for resource group SkyX
14:04:33: Creating resources for group SkyX
14:04:33: All done
14:04:33: Added resource location '\Program Files\Gazebo\gazebo\/media/rtshaderlib/' of type 'FileSystem' to resource group 'General'
14:04:33: Creating resource group ShaderGeneratorResourceGroup
14:04:33: Added resource location 'C:/Users/peter/AppData/Local/Temp/gazebo-nobody-rtshaderlibcache/' of type 'FileSystem' to resource group 'ShaderGeneratorResourceGroup'
14:04:34: Can't assign material _NULL_ to SubEntity of SkyXMeshEnt because this Material does not exist. Have you forgotten to define it in a .material script?
14:04:34: Texture: SkyX_Starfield.png: Loading 1 faces(PF_A8R8G8B8,512x512x1) with 5 generated mipmaps from Image. Internal format is PF_A8R8G8B8,512x512x1.
14:04:34: Texture: SkyX_Moon.png: Loading 1 faces(PF_A8R8G8B8,512x512x1) with 5 generated mipmaps from Image. Internal format is PF_A8R8G8B8,512x512x1.
14:04:34: Texture: SkyX_MoonHalo.png: Loading 1 faces(PF_A8R8G8B8,512x256x1) with 5 generated mipmaps from Image. Internal format is PF_A8R8G8B8,512x256x1.
14:04:34: Texture: Noise.jpg: Loading 1 faces(PF_R8G8B8,1024x1024x1) with 5 generated mipmaps from Image. Internal format is PF_X8R8G8B8,1024x1024x1.
14:04:38: GLRenderSystem::_createRenderWindow "OgreWindow(1)", 1072x674 windowed  miscParams: FSAA=4 externalWindowHandle=143328500 macAPI=carbon stereoMode=Frame Sequential 
14:04:38: Texture: spot_shadow_fade.png: Loading 1 faces(PF_R8G8B8,128x128x1) with 5 generated mipmaps from Image. Internal format is PF_X8R8G8B8,128x128x1.
