21:36:42: Creating resource group General
21:36:42: Creating resource group Internal
21:36:42: Creating resource group Autodetect
21:36:42: SceneManagerFactory for type 'DefaultSceneManager' registered.
21:36:42: Registering ResourceManager for type Material
21:36:42: Registering ResourceManager for type Mesh
21:36:42: Registering ResourceManager for type Skeleton
21:36:42: MovableObjectFactory for type 'ParticleSystem' registered.
21:36:42: OverlayElementFactory for type Panel registered.
21:36:42: OverlayElementFactory for type BorderPanel registered.
21:36:42: OverlayElementFactory for type TextArea registered.
21:36:42: Registering ResourceManager for type Font
21:36:42: ArchiveFactory for archive type FileSystem registered.
21:36:42: ArchiveFactory for archive type Zip registered.
21:36:42: DDS codec registering
21:36:42: FreeImage version: 3.10.0
21:36:42: This program uses FreeImage, a free, open source image library supporting all common bitmap formats. See http://freeimage.sourceforge.net for details
21:36:42: Supported formats: bmp,ico,jpg,jif,jpeg,jpe,jng,koa,iff,lbm,mng,pbm,pbm,pcd,pcx,pgm,pgm,png,ppm,ppm,ras,tga,targa,tif,tiff,wap,wbmp,wbm,psd,cut,xbm,xpm,gif,hdr,sgi,exr,j2k,j2c,jp2
21:36:42: Registering ResourceManager for type HighLevelGpuProgram
21:36:42: Registering ResourceManager for type Compositor
21:36:42: MovableObjectFactory for type 'Entity' registered.
21:36:42: MovableObjectFactory for type 'Light' registered.
21:36:42: MovableObjectFactory for type 'BillboardSet' registered.
21:36:42: MovableObjectFactory for type 'ManualObject' registered.
21:36:42: MovableObjectFactory for type 'BillboardChain' registered.
21:36:42: MovableObjectFactory for type 'RibbonTrail' registered.
21:36:42: OGRE EXCEPTION(6:FileNotFoundException): 'plugins.cfg' file not found! in ConfigFile::load at /builddir/build/BUILD/ogre-1.7.3/OgreMain/src/OgreConfigFile.cpp (line 83)
21:36:42: plugins.cfg not found, automatic plugin loading disabled.
21:36:42: *-*-* OGRE Initialising
21:36:42: *-*-* Version 1.7.3 (Cthugha)
21:36:42: Loading library /usr/lib64/OGRE/RenderSystem_GL.so
21:36:42: Installing plugin: GL RenderSystem
21:36:42: OpenGL Rendering Subsystem created.
21:36:42: Plugin successfully installed
21:36:42: Loading library /usr/lib64/OGRE/Plugin_ParticleFX.so
21:36:42: Installing plugin: ParticleFX
21:36:42: Particle Emitter Type 'Point' registered
21:36:42: Particle Emitter Type 'Box' registered
21:36:42: Particle Emitter Type 'Ellipsoid' registered
21:36:42: Particle Emitter Type 'Cylinder' registered
21:36:42: Particle Emitter Type 'Ring' registered
21:36:42: Particle Emitter Type 'HollowEllipsoid' registered
21:36:42: Particle Affector Type 'LinearForce' registered
21:36:42: Particle Affector Type 'ColourFader' registered
21:36:42: Particle Affector Type 'ColourFader2' registered
21:36:42: Particle Affector Type 'ColourImage' registered
21:36:42: Particle Affector Type 'ColourInterpolator' registered
21:36:42: Particle Affector Type 'Scaler' registered
21:36:42: Particle Affector Type 'Rotator' registered
21:36:42: Particle Affector Type 'DirectionRandomiser' registered
21:36:42: Particle Affector Type 'DeflectorPlane' registered
21:36:42: Plugin successfully installed
21:36:42: Loading library /usr/lib64/OGRE/Plugin_BSPSceneManager.so
21:36:42: Installing plugin: BSP Scene Manager
21:36:42: Plugin successfully installed
21:36:42: Loading library /usr/lib64/OGRE/Plugin_OctreeSceneManager.so
21:36:42: Installing plugin: Octree & Terrain Scene Manager
21:36:42: Plugin successfully installed
21:36:42: Loading library /usr/lib64/OGRE/Plugin_CgProgramManager.so
21:36:42: Installing plugin: Cg Program Manager
21:36:42: Plugin successfully installed
21:36:42: CPU Identifier & Features
21:36:42: -------------------------
21:36:42:  *   CPU ID: GenuineIntel: Intel(R) Core(TM) i7 CPU       M 620  @ 2.67GHz
21:36:42:  *      SSE: yes
21:36:42:  *     SSE2: yes
21:36:42:  *     SSE3: yes
21:36:42:  *      MMX: yes
21:36:42:  *   MMXEXT: yes
21:36:42:  *    3DNOW: no
21:36:42:  * 3DNOWEXT: no
21:36:42:  *     CMOV: yes
21:36:42:  *      TSC: yes
21:36:42:  *      FPU: yes
21:36:42:  *      PRO: yes
21:36:42:  *       HT: no
21:36:42: -------------------------
21:36:42: ******************************
*** Starting GLX Subsystem ***
******************************
21:36:42: Added resource location '/usr/share/gazebo-1.2/' of type 'FileSystem' to resource group 'General'
21:36:42: Added resource location '/usr/share/gazebo-1.2/media' of type 'FileSystem' to resource group 'General'
21:36:42: Creating resource group SkyX
21:36:42: Added resource location '/usr/share/gazebo-1.2/media/skyx' of type 'FileSystem' to resource group 'SkyX'
21:36:42: Added resource location '/usr/share/gazebo-1.2/media/rtshaderlib' of type 'FileSystem' to resource group 'General'
21:36:42: Added resource location '/usr/share/gazebo-1.2/media/materials/programs' of type 'FileSystem' to resource group 'General'
21:36:42: Added resource location '/usr/share/gazebo-1.2/media/materials/scripts' of type 'FileSystem' to resource group 'General'
21:36:42: Added resource location '/usr/share/gazebo-1.2/media/materials/textures' of type 'FileSystem' to resource group 'General'
21:36:42: Added resource location '/usr/share/gazebo-1.2/media/media/models' of type 'FileSystem' to resource group 'General'
21:36:42: Creating resource group Fonts
21:36:42: Added resource location '/usr/share/gazebo-1.2/media/fonts' of type 'FileSystem' to resource group 'Fonts'
21:36:42: Creating resource group LookNFeel
21:36:42: Added resource location '/usr/share/gazebo-1.2/media/gui/looknfeel' of type 'FileSystem' to resource group 'LookNFeel'
21:36:42: Creating resource group Schemes
21:36:42: Added resource location '/usr/share/gazebo-1.2/media/gui/schemes' of type 'FileSystem' to resource group 'Schemes'
21:36:42: Creating resource group Imagesets
21:36:42: Added resource location '/usr/share/gazebo-1.2/media/gui/imagesets' of type 'FileSystem' to resource group 'Imagesets'
21:36:42: Added resource location '/usr/share/gazebo-1.2/media/gui/fonts' of type 'FileSystem' to resource group 'Fonts'
21:36:42: Creating resource group Layouts
21:36:42: Added resource location '/usr/share/gazebo-1.2/media/gui/layouts' of type 'FileSystem' to resource group 'Layouts'
21:36:42: Creating resource group Animations
21:36:42: Added resource location '/usr/share/gazebo-1.2/media/gui/animations' of type 'FileSystem' to resource group 'Animations'
21:36:42: Added resource location '/usr/share/gazebo-1.2/Media' of type 'FileSystem' to resource group 'General'
21:36:42: Added resource location '/usr/share/gazebo-1.2/Media/skyx' of type 'FileSystem' to resource group 'SkyX'
21:36:42: Added resource location '/usr/share/gazebo-1.2/Media/rtshaderlib' of type 'FileSystem' to resource group 'General'
21:36:42: Added resource location '/usr/share/gazebo-1.2/Media/materials/programs' of type 'FileSystem' to resource group 'General'
21:36:42: Added resource location '/usr/share/gazebo-1.2/Media/materials/scripts' of type 'FileSystem' to resource group 'General'
21:36:42: Added resource location '/usr/share/gazebo-1.2/Media/materials/textures' of type 'FileSystem' to resource group 'General'
21:36:42: Added resource location '/usr/share/gazebo-1.2/Media/media/models' of type 'FileSystem' to resource group 'General'
21:36:42: Added resource location '/usr/share/gazebo-1.2/Media/fonts' of type 'FileSystem' to resource group 'Fonts'
21:36:42: Added resource location '/usr/share/gazebo-1.2/Media/gui/looknfeel' of type 'FileSystem' to resource group 'LookNFeel'
21:36:42: Added resource location '/usr/share/gazebo-1.2/Media/gui/schemes' of type 'FileSystem' to resource group 'Schemes'
21:36:42: Added resource location '/usr/share/gazebo-1.2/Media/gui/imagesets' of type 'FileSystem' to resource group 'Imagesets'
21:36:42: Added resource location '/usr/share/gazebo-1.2/Media/gui/fonts' of type 'FileSystem' to resource group 'Fonts'
21:36:42: Added resource location '/usr/share/gazebo-1.2/Media/gui/layouts' of type 'FileSystem' to resource group 'Layouts'
21:36:42: Added resource location '/usr/share/gazebo-1.2/Media/gui/animations' of type 'FileSystem' to resource group 'Animations'
21:36:42: GLRenderSystem::_createRenderWindow "OgreWindow(0)", 1x1 windowed  miscParams: FSAA=4 externalGLControl= parentWindowHandle=44040193 
21:36:42: GLXWindow::create used FBConfigID = 281
21:36:42: GL_VERSION = 3.3.0 NVIDIA 304.51
21:36:42: GL_VENDOR = NVIDIA Corporation
21:36:42: GL_RENDERER = NVS 3100M/PCIe/SSE2
21:36:42: GL_EXTENSIONS = GL_ARB_base_instance GL_ARB_blend_func_extended GL_ARB_color_buffer_float GL_ARB_compatibility GL_ARB_compressed_texture_pixel_storage GL_ARB_conservative_depth GL_ARB_copy_buffer GL_ARB_depth_buffer_float GL_ARB_depth_clamp GL_ARB_depth_texture GL_ARB_draw_buffers GL_ARB_draw_buffers_blend GL_ARB_draw_elements_base_vertex GL_ARB_draw_instanced GL_ARB_ES2_compatibility GL_ARB_explicit_attrib_location GL_ARB_fragment_coord_conventions GL_ARB_fragment_program GL_ARB_fragment_program_shadow GL_ARB_fragment_shader GL_ARB_framebuffer_object GL_ARB_framebuffer_sRGB GL_ARB_geometry_shader4 GL_ARB_get_program_binary GL_ARB_half_float_pixel GL_ARB_half_float_vertex GL_ARB_imaging GL_ARB_instanced_arrays GL_ARB_internalformat_query GL_ARB_map_buffer_alignment GL_ARB_map_buffer_range GL_ARB_multisample GL_ARB_multitexture GL_ARB_occlusion_query GL_ARB_occlusion_query2 GL_ARB_pixel_buffer_object GL_ARB_point_parameters GL_ARB_point_sprite GL_ARB_provoking_vertex GL_ARB_robustness GL_ARB_sample_shading GL_ARB_sampler_objects GL_ARB_seamless_cube_map GL_ARB_separate_shader_objects GL_ARB_shader_bit_encoding GL_ARB_shader_objects GL_ARB_shader_texture_lod GL_ARB_shading_language_100 GL_ARB_shading_language_420pack GL_ARB_shading_language_include GL_ARB_shading_language_packing GL_ARB_shadow GL_ARB_sync GL_ARB_texture_border_clamp GL_ARB_texture_buffer_object GL_ARB_texture_compression GL_ARB_texture_compression_rgtc GL_ARB_texture_cube_map GL_ARB_texture_cube_map_array GL_ARB_texture_env_add GL_ARB_texture_env_combine GL_ARB_texture_env_crossbar GL_ARB_texture_env_dot3 GL_ARB_texture_float GL_ARB_texture_gather GL_ARB_texture_mirrored_repeat GL_ARB_texture_multisample GL_ARB_texture_non_power_of_two GL_ARB_texture_query_lod GL_ARB_texture_rectangle GL_ARB_texture_rg GL_ARB_texture_rgb10_a2ui GL_ARB_texture_storage GL_ARB_texture_swizzle GL_ARB_timer_query GL_ARB_transform_feedback2 GL_ARB_transform_feedback_instanced GL_ARB_transpose_matrix GL_ARB_uniform_buffer_object GL_ARB_vertex_array_bgra GL_ARB_vertex_array_object GL_ARB_vertex_buffer_object GL_ARB_vertex_program GL_ARB_vertex_shader GL_ARB_vertex_type_2_10_10_10_rev GL_ARB_viewport_array GL_ARB_window_pos GL_ATI_draw_buffers GL_ATI_texture_float GL_ATI_texture_mirror_once GL_S3_s3tc GL_EXT_texture_env_add GL_EXT_abgr GL_EXT_bgra GL_EXT_bindable_uniform GL_EXT_blend_color GL_EXT_blend_equation_separate GL_EXT_blend_func_separate GL_EXT_blend_minmax GL_EXT_blend_subtract GL_EXT_compiled_vertex_array GL_EXT_Cg_shader GL_EXT_depth_bounds_test GL_EXT_direct_state_access GL_EXT_draw_buffers2 GL_EXT_draw_instanced GL_EXT_draw_range_elements GL_EXT_fog_coord GL_EXT_framebuffer_blit GL_EXT_framebuffer_multisample GL_EXTX_framebuffer_mixed_formats GL_EXT_framebuffer_object GL_EXT_framebuffer_sRGB GL_EXT_geometry_shader4 GL_EXT_gpu_program_parameters GL_EXT_gpu_shader4 GL_EXT_multi_draw_arrays GL_EXT_packed_depth_stencil GL_EXT_packed_float GL_EXT_packed_pixels GL_EXT_pixel_buffer_object GL_EXT_point_parameters GL_EXT_provoking_vertex GL_EXT_rescale_normal GL_EXT_secondary_color GL_EXT_separate_shader_objects GL_EXT_separate_specular_color GL_EXT_shadow_funcs GL_EXT_stencil_two_side GL_EXT_stencil_wrap GL_EXT_texture3D GL_EXT_texture_array GL_EXT_texture_buffer_object GL_EXT_texture_compression_dxt1 GL_EXT_texture_compression_latc GL_EXT_texture_compression_rgtc GL_EXT_texture_compression_s3tc GL_EXT_texture_cube_map GL_EXT_texture_edge_clamp GL_EXT_texture_env_combine GL_EXT_texture_env_dot3 GL_EXT_texture_filter_anisotropic GL_EXT_texture_format_BGRA8888 GL_EXT_texture_integer GL_EXT_texture_lod GL_EXT_texture_lod_bias GL_EXT_texture_mirror_clamp GL_EXT_texture_object GL_EXT_texture_shared_exponent GL_EXT_texture_sRGB GL_EXT_texture_sRGB_decode GL_EXT_texture_storage GL_EXT_texture_swizzle GL_EXT_texture_type_2_10_10_10_REV GL_EXT_timer_query GL_EXT_transform_feedback2 GL_EXT_vertex_array GL_EXT_vertex_array_bgra GL_EXT_x11_sync_object GL_EXT_import_sync_object GL_IBM_rasterpos_clip GL_IBM_texture_mirrored_repeat GL_KTX_buffer_region GL_NV_alpha_test GL_NV_blend_minmax GL_NV_blend_square GL_NV_complex_primitives GL_NV_conditional_render GL_NV_copy_depth_to_color GL_NV_copy_image GL_NV_depth_buffer_float GL_NV_depth_clamp GL_NV_ES1_1_compatibility GL_NV_explicit_multisample GL_NV_fbo_color_attachments GL_NV_fence GL_NV_float_buffer GL_NV_fog_distance GL_NV_fragdepth GL_NV_fragment_program GL_NV_fragment_program_option GL_NV_fragment_program2 GL_NV_framebuffer_multisample_coverage GL_NV_geometry_shader4 GL_NV_gpu_program4 GL_NV_gpu_program4_1 GL_NV_half_float GL_NV_light_max_exponent GL_NV_multisample_coverage GL_NV_multisample_filter_hint GL_NV_occlusion_query GL_NV_packed_depth_stencil GL_NV_parameter_buffer_object GL_NV_parameter_buffer_object2 GL_NV_path_rendering GL_NV_pixel_data_range GL_NV_point_sprite GL_NV_primitive_restart GL_NV_register_combiners GL_NV_register_combiners2 GL_NV_shader_buffer_load GL_NV_texgen_reflection GL_NV_texture_barrier GL_NV_texture_compression_vtc GL_NV_texture_env_combine4 GL_NV_texture_expand_normal GL_NV_texture_lod_clamp GL_NV_texture_multisample GL_NV_texture_rectangle GL_NV_texture_shader GL_NV_texture_shader2 GL_NV_texture_shader3 GL_NV_transform_feedback GL_NV_transform_feedback2 GL_NV_vdpau_interop GL_NV_vertex_array_range GL_NV_vertex_array_range2 GL_NV_vertex_buffer_unified_memory GL_NV_vertex_program GL_NV_vertex_program1_1 GL_NV_vertex_program2 GL_NV_vertex_program2_option GL_NV_vertex_program3 GL_NVX_conditional_render GL_NVX_gpu_memory_info GL_OES_compressed_paletted_texture GL_OES_depth24 GL_OES_depth32 GL_OES_depth_texture GL_OES_element_index_uint GL_OES_fbo_render_mipmap GL_OES_get_program_binary GL_OES_mapbuffer GL_OES_packed_depth_stencil GL_OES_point_size_array GL_OES_point_sprite GL_OES_rgb8_rgba8 GL_OES_read_format GL_OES_standard_derivatives GL_OES_texture_3D GL_OES_texture_float GL_OES_texture_float_linear GL_OES_texture_half_float GL_OES_texture_half_float_linear GL_OES_texture_npot GL_OES_vertex_array_object GL_OES_vertex_half_float GL_SGIS_generate_mipmap GL_SGIS_texture_lod GL_SGIX_depth_texture GL_SGIX_shadow GL_SUN_slice_accum 
21:36:42: Supported GLX extensions: GLX_EXT_visual_info GLX_EXT_visual_rating GLX_SGIX_fbconfig GLX_SGIX_pbuffer GLX_SGI_video_sync GLX_SGI_swap_control GLX_EXT_swap_control GLX_EXT_swap_control_tear GLX_EXT_texture_from_pixmap GLX_ARB_create_context GLX_ARB_create_context_profile GLX_EXT_create_context_es2_profile GLX_ARB_create_context_robustness GLX_ARB_multisample GLX_NV_float_buffer GLX_ARB_fbconfig_float GLX_EXT_framebuffer_sRGB GLX_NV_multisample_coverage GLX_ARB_get_proc_address 
21:36:42: ***************************
21:36:42: *** GL Renderer Started ***
21:36:42: ***************************
21:36:42: Registering ResourceManager for type GpuProgram
21:36:42: GLSL support detected
21:36:42: GL: Using GL_EXT_framebuffer_object for rendering to textures (best)
21:36:42: FBO PF_UNKNOWN depth/stencil support: D16S0 D24S0 D32S0 Packed-D24S8 
21:36:42: FBO PF_L8 depth/stencil support: D0S0 D16S0 D24S0 D32S0 Packed-D24S8 
21:36:42: FBO PF_A8 depth/stencil support: D0S0 D16S0 D24S0 D32S0 Packed-D24S8 
21:36:42: FBO PF_A4L4 depth/stencil support: D0S0 D16S0 D24S0 D32S0 Packed-D24S8 
21:36:42: FBO PF_BYTE_LA depth/stencil support: D0S0 D16S0 D24S0 D32S0 Packed-D24S8 
21:36:42: FBO PF_R5G6B5 depth/stencil support: D0S0 D16S0 D24S0 D32S0 Packed-D24S8 
21:36:42: FBO PF_B5G6R5 depth/stencil support: D0S0 D16S0 D24S0 D32S0 Packed-D24S8 
21:36:42: FBO PF_A4R4G4B4 depth/stencil support: D0S0 D16S0 D24S0 D32S0 Packed-D24S8 
21:36:42: FBO PF_A1R5G5B5 depth/stencil support: D0S0 D16S0 D24S0 D32S0 Packed-D24S8 
21:36:42: FBO PF_R8G8B8 depth/stencil support: D0S0 D16S0 D24S0 D32S0 Packed-D24S8 
21:36:42: FBO PF_B8G8R8 depth/stencil support: D0S0 D16S0 D24S0 D32S0 Packed-D24S8 
21:36:42: FBO PF_A8R8G8B8 depth/stencil support: D0S0 D16S0 D24S0 D32S0 Packed-D24S8 
21:36:42: FBO PF_B8G8R8A8 depth/stencil support: D0S0 D16S0 D24S0 D32S0 Packed-D24S8 
21:36:42: FBO PF_A2R10G10B10 depth/stencil support: D0S0 D16S0 D24S0 D32S0 Packed-D24S8 
21:36:42: FBO PF_A2B10G10R10 depth/stencil support: D0S0 D16S0 D24S0 D32S0 Packed-D24S8 
21:36:42: FBO PF_FLOAT16_RGB depth/stencil support: D0S0 D16S0 D24S0 D32S0 Packed-D24S8 
21:36:42: FBO PF_FLOAT16_RGBA depth/stencil support: D0S0 D16S0 D24S0 D32S0 Packed-D24S8 
21:36:42: FBO PF_FLOAT32_RGB depth/stencil support: D0S0 D16S0 D24S0 D32S0 Packed-D24S8 
21:36:42: FBO PF_FLOAT32_RGBA depth/stencil support: D0S0 D16S0 D24S0 D32S0 Packed-D24S8 
21:36:42: FBO PF_X8R8G8B8 depth/stencil support: D0S0 D16S0 D24S0 D32S0 Packed-D24S8 
21:36:42: FBO PF_X8B8G8R8 depth/stencil support: D0S0 D16S0 D24S0 D32S0 Packed-D24S8 
21:36:42: FBO PF_SHORT_RGBA depth/stencil support: D0S0 D16S0 D24S0 D32S0 Packed-D24S8 
21:36:42: FBO PF_R3G3B2 depth/stencil support: D0S0 D16S0 D24S0 D32S0 Packed-D24S8 
21:36:42: FBO PF_FLOAT16_R depth/stencil support: D0S0 D16S0 D24S0 D32S0 Packed-D24S8 
21:36:42: FBO PF_FLOAT32_R depth/stencil support: D0S0 D16S0 D24S0 D32S0 Packed-D24S8 
21:36:42: FBO PF_FLOAT16_GR depth/stencil support: D0S0 D16S0 D24S0 D32S0 Packed-D24S8 
21:36:42: FBO PF_FLOAT32_GR depth/stencil support: D0S0 D16S0 D24S0 D32S0 Packed-D24S8 
21:36:42: FBO PF_SHORT_RGB depth/stencil support: D0S0 D16S0 D24S0 D32S0 Packed-D24S8 
21:36:42: [GL] : Valid FBO targets PF_UNKNOWN PF_L8 PF_A8 PF_A4L4 PF_BYTE_LA PF_R5G6B5 PF_B5G6R5 PF_A4R4G4B4 PF_A1R5G5B5 PF_R8G8B8 PF_B8G8R8 PF_A8R8G8B8 PF_B8G8R8A8 PF_A2R10G10B10 PF_A2B10G10R10 PF_FLOAT16_RGB PF_FLOAT16_RGBA PF_FLOAT32_RGB PF_FLOAT32_RGBA PF_X8R8G8B8 PF_X8B8G8R8 PF_SHORT_RGBA PF_R3G3B2 PF_FLOAT16_R PF_FLOAT32_R PF_FLOAT16_GR PF_FLOAT32_GR PF_SHORT_RGB 
21:36:42: RenderSystem capabilities
21:36:42: -------------------------
21:36:42: RenderSystem Name: OpenGL Rendering Subsystem
21:36:42: GPU Vendor: nvidia
21:36:42: Device Name: NVS 3100M/PCIe/SSE2
21:36:42: Driver Version: 3.3.0.0
21:36:42:  * Fixed function pipeline: yes
21:36:42:  * Hardware generation of mipmaps: yes
21:36:42:  * Texture blending: yes
21:36:42:  * Anisotropic texture filtering: yes
21:36:42:  * Dot product texture operation: yes
21:36:42:  * Cube mapping: yes
21:36:42:  * Hardware stencil buffer: yes
21:36:42:    - Stencil depth: 8
21:36:42:    - Two sided stencil support: yes
21:36:42:    - Wrap stencil values: yes
21:36:42:  * Hardware vertex / index buffers: yes
21:36:42:  * Vertex programs: yes
21:36:42:  * Number of floating-point constants for vertex programs: 1024
21:36:42:  * Number of integer constants for vertex programs: 0
21:36:42:  * Number of boolean constants for vertex programs: 0
21:36:42:  * Fragment programs: yes
21:36:42:  * Number of floating-point constants for fragment programs: 512
21:36:42:  * Number of integer constants for fragment programs: 0
21:36:42:  * Number of boolean constants for fragment programs: 0
21:36:42:  * Geometry programs: yes
21:36:42:  * Number of floating-point constants for geometry programs: 512
21:36:42:  * Number of integer constants for geometry programs: 0
21:36:42:  * Number of boolean constants for geometry programs: 0
21:36:42:  * Supported Shader Profiles: arbfp1 arbvp1 fp20 fp30 fp40 glsl gp4gp gp4vp gpu_gp gpu_vp nvgp4 vp30 vp40
21:36:42:  * Texture Compression: yes
21:36:42:    - DXT: yes
21:36:42:    - VTC: yes
21:36:42:    - PVRTC: no
21:36:42:  * Scissor Rectangle: yes
21:36:42:  * Hardware Occlusion Query: yes
21:36:42:  * User clip planes: yes
21:36:42:  * VET_UBYTE4 vertex element type: yes
21:36:42:  * Infinite far plane projection: yes
21:36:42:  * Hardware render-to-texture: yes
21:36:42:  * Floating point textures: yes
21:36:42:  * Non-power-of-two textures: yes
21:36:42:  * Volume textures: yes
21:36:42:  * Multiple Render Targets: 8
21:36:42:    - With different bit depths: yes
21:36:42:  * Point Sprites: yes
21:36:42:  * Extended point parameters: yes
21:36:42:  * Max Point Size: 63.375
21:36:42:  * Vertex texture fetch: yes
21:36:42:  * Number of world matrices: 0
21:36:42:  * Number of texture units: 32
21:36:42:  * Stencil buffer depth: 8
21:36:42:  * Number of vertex blend matrices: 0
21:36:42:    - Max vertex textures: 32
21:36:42:    - Vertex textures shared: yes
21:36:42:  * Render to Vertex Buffer : yes
21:36:42:  * GL 1.5 without VBO workaround: no
21:36:42:  * Frame Buffer objects: yes
21:36:42:  * Frame Buffer objects (ARB extension): no
21:36:42:  * Frame Buffer objects (ATI extension): no
21:36:42:  * PBuffer support: yes
21:36:42:  * GL 1.5 without HW-occlusion workaround: no
21:36:42: Registering ResourceManager for type Texture
21:36:42: Using FSAA from GL_ARB_multisample extension.
21:36:42: DefaultWorkQueue('Root') initialising on thread 0x201b0e0.
21:36:42: DefaultWorkQueue('Root')::WorkerFunc - thread 0x25b0720 starting.
21:36:42: DefaultWorkQueue('Root')::WorkerFunc - thread 0x25b30b0 starting.
21:36:42: DefaultWorkQueue('Root')::WorkerFunc - thread 0x25b1c00 starting.
21:36:42: DefaultWorkQueue('Root')::WorkerFunc - thread 0x25b3250 starting.
21:36:42: Particle Renderer Type 'billboard' registered
21:36:42: SceneManagerFactory for type 'BspSceneManager' registered.
21:36:42: Registering ResourceManager for type BspLevel
21:36:42: SceneManagerFactory for type 'OctreeSceneManager' registered.
21:36:42: SceneManagerFactory for type 'TerrainSceneManager' registered.
21:36:42: Parsing scripts for resource group Animations
21:36:42: Finished parsing scripts for resource group Animations
21:36:42: Parsing scripts for resource group Autodetect
21:36:42: Finished parsing scripts for resource group Autodetect
21:36:42: Parsing scripts for resource group Fonts
21:36:42: Parsing script sample.fontdef
21:36:42: Bad attribute line: glyph	 	0.152344	0.125	0.160156	0.1875 in font Ogre
21:36:42: Parsing script Gazebo.fontdef
21:36:42: Finished parsing scripts for resource group Fonts
21:36:42: Parsing scripts for resource group General
21:36:42: Parsing script perpixel.program
21:36:42: GLSL compiling: ambient_one_texture_vp_glsl
21:36:42: GLSL compiled : ambient_one_texture_vp_glsl
21:36:42: GLSL compiling: perpixel_vp_glsl
21:36:42: GLSL compiled : perpixel_vp_glsl
21:36:42: GLSL compiling: perpixel_fp_glsl
21:36:42: GLSL compiled : perpixel_fp_glsl
21:36:42: Parsing script ShadowCaster.program
21:36:42: GLSL compiling: DeferredShading/Shadows/CasterVP
21:36:42: GLSL compiled : DeferredShading/Shadows/CasterVP
21:36:42: GLSL compiling: DeferredShading/Shadows/CasterFP
21:36:42: GLSL compiled : DeferredShading/Shadows/CasterFP
21:36:42: GLSL compiling: DeferredShading/Shadows/RSMCasterVP
21:36:42: GLSL compiled : DeferredShading/Shadows/RSMCasterVP
21:36:42: GLSL compiling: DeferredShading/Shadows/RSMCasterFP_Directional
21:36:42: GLSL compiled : DeferredShading/Shadows/RSMCasterFP_Directional
21:36:42: GLSL compiling: DeferredShading/Shadows/RSMCasterFP_Spot
21:36:42: GLSL compiled : DeferredShading/Shadows/RSMCasterFP_Spot
21:36:42: GLSL compiling: DeferredShading/Shadows/RSMCasterFP_Spot1
21:36:42: GLSL compiled : DeferredShading/Shadows/RSMCasterFP_Spot1
21:36:42: Parsing script shadow_caster.program
21:36:42: GLSL compiling: shadow_caster_vp_glsl
21:36:42: GLSL compiled : shadow_caster_vp_glsl
21:36:42: GLSL compiling: shadow_caster_fp_glsl
21:36:42: GLSL compiled : shadow_caster_fp_glsl
21:36:42: Parsing script deferred_post.program
21:36:42: GLSL compiling: DeferredShading/Ambient_ps
21:36:42: GLSL compiled : DeferredShading/Ambient_ps
21:36:42: GLSL compiling: DeferredShading/LightMaterial_vs
21:36:42: GLSL compiled : DeferredShading/LightMaterial_vs
21:36:42: GLSL compiling: DeferredShading/vs
21:36:42: GLSL compiled : DeferredShading/vs
21:36:42: GLSL compiling: DeferredLighting/Ambient_ps
21:36:42: GLSL compiled : DeferredLighting/Ambient_ps
21:36:42: Parsing script VPL.program
21:36:42: GLSL compiling: DeferredRendering/VPL_FP
21:36:42: GLSL compiled : DeferredRendering/VPL_FP
21:36:42: GLSL compiling: DeferredRendering/VPL_FP_LBuffer
21:36:42: GLSL compiled : DeferredRendering/VPL_FP_LBuffer0(25) : warning C7011: implicit cast from "vec4" to "vec3"

21:36:42: GLSL compiling: DeferredRendering/VPL_VP
21:36:42: GLSL compiled : DeferredRendering/VPL_VP
21:36:42: Parsing script deferred_post_minilight.material
21:36:42: Parsing script ShadowCaster.material
21:36:42: Parsing script blur.material
21:36:42: GLSL compiling: blur_ps
21:36:42: GLSL compiled : blur_ps
21:36:42: Parsing script ssao.material
21:36:42: GLSL compiling: ssao_vs
21:36:42: GLSL compiled : ssao_vs
21:36:42: GLSL compiling: ssao_ps
21:36:42: GLSL compiled : ssao_ps0(87) : warning C7011: implicit cast from "int" to "float"

21:36:42: GLSL compiling: ssaoBlurX_ps
21:36:42: GLSL compiled : ssaoBlurX_ps
21:36:42: GLSL compiling: ssaoBlurY_ps
21:36:42: GLSL compiled : ssaoBlurY_ps
21:36:42: Parsing script VPL.material
21:36:42: Parsing script picker.material
21:36:42: GLSL compiling: plaincolor_vs
21:36:42: GLSL compiled : plaincolor_vs
21:36:42: GLSL compiling: plaincolor_fs
21:36:42: GLSL compiled : plaincolor_fs
21:36:42: Parsing script kitchen.material
21:36:42: Parsing script gazebo.material
21:36:42: GLSL compiling: Gazebo/DepthMapVS
21:36:42: GLSL compiled : Gazebo/DepthMapVS
21:36:42: GLSL compiling: Gazebo/DepthMapFS
21:36:42: GLSL compiled : Gazebo/DepthMapFS
21:36:42: GLSL compiling: Gazebo/XYZPointsFS
21:36:42: GLSL compiled : Gazebo/XYZPointsFS0(8) : warning C7555: 'varying' is deprecated, use 'in/out' instead
0(15) : warning C7533: global variable gl_FragColor is deprecated after version 120

21:36:42: GLSL compiling: Gazebo/XYZPointsVS
21:36:42: GLSL compiled : Gazebo/XYZPointsVS
21:36:42: GLSL compiling: Gazebo/LaserScan1stFS
21:36:42: GLSL compiled : Gazebo/LaserScan1stFS
21:36:42: GLSL compiling: Gazebo/LaserScan1stVS
21:36:42: GLSL compiled : Gazebo/LaserScan1stVS
21:36:42: GLSL compiling: Gazebo/LaserScan2ndFS
21:36:42: GLSL compiled : Gazebo/LaserScan2ndFS0(10) : warning C7011: implicit cast from "int" to "float"
0(10) : warning C7011: implicit cast from "int" to "float"
0(11) : warning C7011: implicit cast from "int" to "float"
0(11) : warning C7011: implicit cast from "int" to "float"
0(15) : warning C7011: implicit cast from "int" to "float"

21:36:42: GLSL compiling: Gazebo/LaserScan2ndVS
21:36:42: GLSL compiled : Gazebo/LaserScan2ndVS
21:36:42: Parsing script deferred_post.material
21:36:42: Parsing script grid.material
21:36:42: GLSL compiling: grid_vp_glsl
21:36:42: GLSL compiled : grid_vp_glsl
21:36:42: GLSL compiling: grid_fp_glsl
21:36:42: GLSL compiled : grid_fp_glsl
21:36:42: Parsing script blur.compositor
21:36:42: Parsing script ssao.compositor
21:36:42: Parsing script deferred.compositor
21:36:42: Finished parsing scripts for resource group General
21:36:42: Parsing scripts for resource group Imagesets
21:36:42: Finished parsing scripts for resource group Imagesets
21:36:42: Parsing scripts for resource group Internal
21:36:42: Finished parsing scripts for resource group Internal
21:36:42: Parsing scripts for resource group Layouts
21:36:42: Finished parsing scripts for resource group Layouts
21:36:42: Parsing scripts for resource group LookNFeel
21:36:42: Finished parsing scripts for resource group LookNFeel
21:36:42: Parsing scripts for resource group Schemes
21:36:42: Finished parsing scripts for resource group Schemes
21:36:42: Parsing scripts for resource group SkyX
21:36:42: Parsing script SkyX.material
21:36:42: GLSL compiling: SkyX_Clouds_VP_GLSL
21:36:42: GLSL compiled : SkyX_Clouds_VP_GLSL
21:36:42: GLSL compiling: SkyX_Clouds_LDR_FP_GLSL
21:36:42: GLSL compiled : SkyX_Clouds_LDR_FP_GLSL
21:36:42: GLSL compiling: SkyX_Clouds_HDR_FP_GLSL
21:36:42: GLSL compiled : SkyX_Clouds_HDR_FP_GLSL
21:36:42: GLSL compiling: SkyX_VolClouds_VP_GLSL
21:36:42: GLSL compiled : SkyX_VolClouds_VP_GLSL
21:36:42: GLSL compiling: SkyX_VolClouds_FP_GLSL
21:36:42: GLSL compiled : SkyX_VolClouds_FP_GLSL
21:36:42: GLSL compiling: SkyX_VolClouds_Lightning_VP_GLSL
21:36:42: GLSL compiled : SkyX_VolClouds_Lightning_VP_GLSL
21:36:42: GLSL compiling: SkyX_VolClouds_Lightning_FP_GLSL
21:36:42: GLSL compiled : SkyX_VolClouds_Lightning_FP_GLSL
21:36:42: GLSL compiling: SkyX_Skydome_VP_GLSL
21:36:42: GLSL compiled : SkyX_Skydome_VP_GLSL
21:36:42: GLSL compiling: SkyX_Skydome_STARFIELD_LDR_FP_GLSL
21:36:42: GLSL compiled : SkyX_Skydome_STARFIELD_LDR_FP_GLSL
21:36:42: GLSL compiling: SkyX_Skydome_STARFIELD_HDR_FP_GLSL
21:36:42: GLSL compiled : SkyX_Skydome_STARFIELD_HDR_FP_GLSL0(68) : warning C7011: implicit cast from "float" to "vec3"

21:36:42: GLSL compiling: SkyX_Skydome_LDR_FP_GLSL
21:36:42: GLSL compiled : SkyX_Skydome_LDR_FP_GLSL
21:36:42: GLSL compiling: SkyX_Skydome_HDR_FP_GLSL
21:36:42: GLSL compiled : SkyX_Skydome_HDR_FP_GLSL0(74) : warning C7011: implicit cast from "float" to "vec3"

21:36:42: GLSL compiling: SkyX_Moon_VP_GLSL
21:36:42: GLSL compiled : SkyX_Moon_VP_GLSL
21:36:42: GLSL compiling: SkyX_Moon_FP_GLSL
21:36:42: GLSL compiled : SkyX_Moon_FP_GLSL
21:36:42: GLSL compiling: SkyX_Lightning_VP_GLSL
21:36:42: GLSL compiled : SkyX_Lightning_VP_GLSL
21:36:42: GLSL compiling: SkyX_Lightning_FP_GLSL
21:36:42: GLSL compiled : SkyX_Lightning_FP_GLSL
21:36:42: GLSL compiling: SkyX_Ground_VP_GLSL
21:36:42: GLSL compiled : SkyX_Ground_VP_GLSL
21:36:42: GLSL compiling: SkyX_Ground_LDR_FP_GLSL
21:36:42: GLSL compiled : SkyX_Ground_LDR_FP_GLSL
21:36:42: GLSL compiling: SkyX_Ground_HDR_FP_GLSL
21:36:42: GLSL compiled : SkyX_Ground_HDR_FP_GLSL
21:36:42: Finished parsing scripts for resource group SkyX
21:36:42: Added resource location '' of type 'FileSystem' to resource group 'General'
21:37:11: DefaultWorkQueue('Root') shutting down on thread 0x15fa2e0.
21:37:11: DefaultWorkQueue('Root')::WorkerFunc - thread 0x1b1dea0 stopped.
21:37:11: DefaultWorkQueue('Root')::WorkerFunc - thread 0x1b1abb0 stopped.
21:37:11: DefaultWorkQueue('Root')::WorkerFunc - thread 0x15f4b30 stopped.
21:37:11: DefaultWorkQueue('Root')::WorkerFunc - thread 0x1b1af60 stopped.
21:37:11: Unregistering ResourceManager for type BspLevel
21:37:11: *-*-* OGRE Shutdown
21:37:11: *-*-* OGRE Shutdown
21:37:11: Unregistering ResourceManager for type Compositor
21:37:11: Unregistering ResourceManager for type Font
21:37:11: Unregistering ResourceManager for type Skeleton
21:37:11: Unregistering ResourceManager for type Mesh
21:37:11: Unregistering ResourceManager for type HighLevelGpuProgram
21:37:11: Uninstalling plugin: Cg Program Manager
21:37:11: Plugin successfully uninstalled
21:37:11: Unloading library /usr/lib64/OGRE/Plugin_CgProgramManager.so
21:37:11: Uninstalling plugin: Octree & Terrain Scene Manager
21:37:11: Plugin successfully uninstalled
21:37:11: Unloading library /usr/lib64/OGRE/Plugin_OctreeSceneManager.so
21:37:11: Uninstalling plugin: BSP Scene Manager
21:37:11: Plugin successfully uninstalled
21:37:11: Unloading library /usr/lib64/OGRE/Plugin_BSPSceneManager.so
21:37:11: Uninstalling plugin: ParticleFX
21:37:11: Plugin successfully uninstalled
21:37:11: Unloading library /usr/lib64/OGRE/Plugin_ParticleFX.so
21:37:11: Uninstalling plugin: GL RenderSystem
21:37:11: Unregistering ResourceManager for type GpuProgram
21:37:11: ******************************
*** Stopping GLX Subsystem ***
******************************
21:37:11: Unregistering ResourceManager for type Texture
21:37:11: Plugin successfully uninstalled
21:37:11: Unloading library /usr/lib64/OGRE/RenderSystem_GL.so
21:37:11: Unregistering ResourceManager for type Material
e('Root') shutting down on thread 0x201b0e0.
21:37:10: DefaultWorkQueue('Root')::WorkerFunc - thread 0x25b0720 stopped.
21:37:10: DefaultWorkQueue('Root')::WorkerFunc - thread 0x25b30b0 stopped.
21:37:10: DefaultWorkQueue('Root')::WorkerFunc - thread 0x25b1c00 stopped.
21:37:10: DefaultWorkQueue('Root')::WorkerFunc - thread 0x25b3250 stopped.
21:37:10: Unregistering ResourceManager for type BspLevel
21:37:10: *-*-* OGRE Shutdown
21:37:10: *-*-* OGRE Shutdown
21:37:10: Unregistering ResourceManager for type Compositor
21:37:10: Unregistering ResourceManager for type Font
21:37:10: Unregistering ResourceManager for type Skeleton
21:37:10: Unregistering ResourceManager for type Mesh
21:37:10: Unregistering ResourceManager for type HighLevelGpuProgram
21:37:10: Uninstalling plugin: Cg Program Manager
21:37:10: Plugin successfully uninstalled
21:37:10: Unloading library /usr/lib64/OGRE/Plugin_CgProgramManager.so
21:37:10: Uninstalling plugin: Octree & Terrain Scene Manager
21:37:10: Plugin successfully uninstalled
21:37:10: Unloading library /usr/lib64/OGRE/Plugin_OctreeSceneManager.so
21:37:10: Uninstalling plugin: BSP Scene Manager
21:37:10: Plugin successfully uninstalled
21:37:10: Unloading library /usr/lib64/OGRE/Plugin_BSPSceneManager.so
21:37:10: Uninstalling plugin: ParticleFX
21:37:10: Plugin successfully uninstalled
21:37:10: Unloading library /usr/lib64/OGRE/Plugin_ParticleFX.so
21:37:10: Uninstalling plugin: GL RenderSystem
21:37:10: Unregistering ResourceManager for type GpuProgram
21:37:10: ******************************
*** Stopping GLX Subsystem ***
******************************
21:37:10: Unregistering ResourceManager for type Texture
21:37:10: Plugin successfully uninstalled
21:37:10: Unloading library /usr/lib64/OGRE/RenderSystem_GL.so
21:37:10: Unregistering ResourceManager for type Material
