Determining if the pthread_create exist failed with the following output:
Change Dir: /home/deadmanlogan/i_am_from_source/gazebo_7/build/CMakeFiles/CMakeTmp

Run Build Command:"/usr/bin/make" "cmTC_a5417/fast"
/usr/bin/make -f CMakeFiles/cmTC_a5417.dir/build.make CMakeFiles/cmTC_a5417.dir/build
make[1]: Entering directory '/home/deadmanlogan/i_am_from_source/gazebo_7/build/CMakeFiles/CMakeTmp'
Building C object CMakeFiles/cmTC_a5417.dir/CheckSymbolExists.c.o
/usr/bin/cc    -o CMakeFiles/cmTC_a5417.dir/CheckSymbolExists.c.o   -c /home/deadmanlogan/i_am_from_source/gazebo_7/build/CMakeFiles/CMakeTmp/CheckSymbolExists.c
Linking C executable cmTC_a5417
/usr/local/bin/cmake -E cmake_link_script CMakeFiles/cmTC_a5417.dir/link.txt --verbose=1
/usr/bin/cc      -rdynamic CMakeFiles/cmTC_a5417.dir/CheckSymbolExists.c.o  -o cmTC_a5417 
CMakeFiles/cmTC_a5417.dir/CheckSymbolExists.c.o: In function `main':
CheckSymbolExists.c:(.text+0x16): undefined reference to `pthread_create'
collect2: error: ld returned 1 exit status
CMakeFiles/cmTC_a5417.dir/build.make:86: recipe for target 'cmTC_a5417' failed
make[1]: *** [cmTC_a5417] Error 1
make[1]: Leaving directory '/home/deadmanlogan/i_am_from_source/gazebo_7/build/CMakeFiles/CMakeTmp'
Makefile:121: recipe for target 'cmTC_a5417/fast' failed
make: *** [cmTC_a5417/fast] Error 2

File /home/deadmanlogan/i_am_from_source/gazebo_7/build/CMakeFiles/CMakeTmp/CheckSymbolExists.c:
/* */
#include <pthread.h>

int main(int argc, char** argv)
{
  (void)argv;
#ifndef pthread_create
  return ((int*)(&pthread_create))[argc];
#else
  (void)argc;
  return 0;
#endif
}

Determining if the function pthread_create exists in the pthreads failed with the following output:
Change Dir: /home/deadmanlogan/i_am_from_source/gazebo_7/build/CMakeFiles/CMakeTmp

Run Build Command:"/usr/bin/make" "cmTC_3a8a9/fast"
/usr/bin/make -f CMakeFiles/cmTC_3a8a9.dir/build.make CMakeFiles/cmTC_3a8a9.dir/build
make[1]: Entering directory '/home/deadmanlogan/i_am_from_source/gazebo_7/build/CMakeFiles/CMakeTmp'
Building C object CMakeFiles/cmTC_3a8a9.dir/CheckFunctionExists.c.o
/usr/bin/cc   -DCHECK_FUNCTION_EXISTS=pthread_create   -o CMakeFiles/cmTC_3a8a9.dir/CheckFunctionExists.c.o   -c /usr/local/share/cmake-3.13/Modules/CheckFunctionExists.c
Linking C executable cmTC_3a8a9
/usr/local/bin/cmake -E cmake_link_script CMakeFiles/cmTC_3a8a9.dir/link.txt --verbose=1
/usr/bin/cc  -DCHECK_FUNCTION_EXISTS=pthread_create    -rdynamic CMakeFiles/cmTC_3a8a9.dir/CheckFunctionExists.c.o  -o cmTC_3a8a9 -lpthreads 
/usr/bin/ld: cannot find -lpthreads
collect2: error: ld returned 1 exit status
CMakeFiles/cmTC_3a8a9.dir/build.make:86: recipe for target 'cmTC_3a8a9' failed
make[1]: *** [cmTC_3a8a9] Error 1
make[1]: Leaving directory '/home/deadmanlogan/i_am_from_source/gazebo_7/build/CMakeFiles/CMakeTmp'
Makefile:121: recipe for target 'cmTC_3a8a9/fast' failed
make: *** [cmTC_3a8a9/fast] Error 2


Determining if the Q_WS_WIN exist failed with the following output:
Change Dir: /home/deadmanlogan/i_am_from_source/gazebo_7/build/CMakeFiles/CMakeTmp

Run Build Command:"/usr/bin/make" "cmTC_dc989/fast"
/usr/bin/make -f CMakeFiles/cmTC_dc989.dir/build.make CMakeFiles/cmTC_dc989.dir/build
make[1]: Entering directory '/home/deadmanlogan/i_am_from_source/gazebo_7/build/CMakeFiles/CMakeTmp'
Building CXX object CMakeFiles/cmTC_dc989.dir/CheckSymbolExists.cxx.o
/usr/bin/c++   -I/usr/include/qt4   -o CMakeFiles/cmTC_dc989.dir/CheckSymbolExists.cxx.o -c /home/deadmanlogan/i_am_from_source/gazebo_7/build/CMakeFiles/CMakeTmp/CheckSymbolExists.cxx
/home/deadmanlogan/i_am_from_source/gazebo_7/build/CMakeFiles/CMakeTmp/CheckSymbolExists.cxx: In function ‘int main(int, char**)’:
/home/deadmanlogan/i_am_from_source/gazebo_7/build/CMakeFiles/CMakeTmp/CheckSymbolExists.cxx:8:19: error: ‘Q_WS_WIN’ was not declared in this scope
   return ((int*)(&Q_WS_WIN))[argc];
                   ^
CMakeFiles/cmTC_dc989.dir/build.make:65: recipe for target 'CMakeFiles/cmTC_dc989.dir/CheckSymbolExists.cxx.o' failed
make[1]: *** [CMakeFiles/cmTC_dc989.dir/CheckSymbolExists.cxx.o] Error 1
make[1]: Leaving directory '/home/deadmanlogan/i_am_from_source/gazebo_7/build/CMakeFiles/CMakeTmp'
Makefile:121: recipe for target 'cmTC_dc989/fast' failed
make: *** [cmTC_dc989/fast] Error 2

File /home/deadmanlogan/i_am_from_source/gazebo_7/build/CMakeFiles/CMakeTmp/CheckSymbolExists.cxx:
/* */
#include <QtCore/qglobal.h>

int main(int argc, char** argv)
{
  (void)argv;
#ifndef Q_WS_WIN
  return ((int*)(&Q_WS_WIN))[argc];
#else
  (void)argc;
  return 0;
#endif
}

Determining if the Q_WS_QWS exist failed with the following output:
Change Dir: /home/deadmanlogan/i_am_from_source/gazebo_7/build/CMakeFiles/CMakeTmp

Run Build Command:"/usr/bin/make" "cmTC_84761/fast"
/usr/bin/make -f CMakeFiles/cmTC_84761.dir/build.make CMakeFiles/cmTC_84761.dir/build
make[1]: Entering directory '/home/deadmanlogan/i_am_from_source/gazebo_7/build/CMakeFiles/CMakeTmp'
Building CXX object CMakeFiles/cmTC_84761.dir/CheckSymbolExists.cxx.o
/usr/bin/c++   -I/usr/include/qt4   -o CMakeFiles/cmTC_84761.dir/CheckSymbolExists.cxx.o -c /home/deadmanlogan/i_am_from_source/gazebo_7/build/CMakeFiles/CMakeTmp/CheckSymbolExists.cxx
/home/deadmanlogan/i_am_from_source/gazebo_7/build/CMakeFiles/CMakeTmp/CheckSymbolExists.cxx: In function ‘int main(int, char**)’:
/home/deadmanlogan/i_am_from_source/gazebo_7/build/CMakeFiles/CMakeTmp/CheckSymbolExists.cxx:8:19: error: ‘Q_WS_QWS’ was not declared in this scope
   return ((int*)(&Q_WS_QWS))[argc];
                   ^
CMakeFiles/cmTC_84761.dir/build.make:65: recipe for target 'CMakeFiles/cmTC_84761.dir/CheckSymbolExists.cxx.o' failed
make[1]: *** [CMakeFiles/cmTC_84761.dir/CheckSymbolExists.cxx.o] Error 1
make[1]: Leaving directory '/home/deadmanlogan/i_am_from_source/gazebo_7/build/CMakeFiles/CMakeTmp'
Makefile:121: recipe for target 'cmTC_84761/fast' failed
make: *** [cmTC_84761/fast] Error 2

File /home/deadmanlogan/i_am_from_source/gazebo_7/build/CMakeFiles/CMakeTmp/CheckSymbolExists.cxx:
/* */
#include <QtCore/qglobal.h>

int main(int argc, char** argv)
{
  (void)argv;
#ifndef Q_WS_QWS
  return ((int*)(&Q_WS_QWS))[argc];
#else
  (void)argc;
  return 0;
#endif
}

Determining if the Q_WS_MAC exist failed with the following output:
Change Dir: /home/deadmanlogan/i_am_from_source/gazebo_7/build/CMakeFiles/CMakeTmp

Run Build Command:"/usr/bin/make" "cmTC_6cb7c/fast"
/usr/bin/make -f CMakeFiles/cmTC_6cb7c.dir/build.make CMakeFiles/cmTC_6cb7c.dir/build
make[1]: Entering directory '/home/deadmanlogan/i_am_from_source/gazebo_7/build/CMakeFiles/CMakeTmp'
Building CXX object CMakeFiles/cmTC_6cb7c.dir/CheckSymbolExists.cxx.o
/usr/bin/c++   -I/usr/include/qt4   -o CMakeFiles/cmTC_6cb7c.dir/CheckSymbolExists.cxx.o -c /home/deadmanlogan/i_am_from_source/gazebo_7/build/CMakeFiles/CMakeTmp/CheckSymbolExists.cxx
/home/deadmanlogan/i_am_from_source/gazebo_7/build/CMakeFiles/CMakeTmp/CheckSymbolExists.cxx: In function ‘int main(int, char**)’:
/home/deadmanlogan/i_am_from_source/gazebo_7/build/CMakeFiles/CMakeTmp/CheckSymbolExists.cxx:8:19: error: ‘Q_WS_MAC’ was not declared in this scope
   return ((int*)(&Q_WS_MAC))[argc];
                   ^
CMakeFiles/cmTC_6cb7c.dir/build.make:65: recipe for target 'CMakeFiles/cmTC_6cb7c.dir/CheckSymbolExists.cxx.o' failed
make[1]: *** [CMakeFiles/cmTC_6cb7c.dir/CheckSymbolExists.cxx.o] Error 1
make[1]: Leaving directory '/home/deadmanlogan/i_am_from_source/gazebo_7/build/CMakeFiles/CMakeTmp'
Makefile:121: recipe for target 'cmTC_6cb7c/fast' failed
make: *** [cmTC_6cb7c/fast] Error 2

File /home/deadmanlogan/i_am_from_source/gazebo_7/build/CMakeFiles/CMakeTmp/CheckSymbolExists.cxx:
/* */
#include <QtCore/qglobal.h>

int main(int argc, char** argv)
{
  (void)argv;
#ifndef Q_WS_MAC
  return ((int*)(&Q_WS_MAC))[argc];
#else
  (void)argc;
  return 0;
#endif
}

Performing C++ SOURCE FILE Test HAVE_ISNAN failed with the following output:
Change Dir: /home/deadmanlogan/i_am_from_source/gazebo_7/build/CMakeFiles/CMakeTmp

Run Build Command:"/usr/bin/make" "cmTC_b4a46/fast"
/usr/bin/make -f CMakeFiles/cmTC_b4a46.dir/build.make CMakeFiles/cmTC_b4a46.dir/build
make[1]: Entering directory '/home/deadmanlogan/i_am_from_source/gazebo_7/build/CMakeFiles/CMakeTmp'
Building CXX object CMakeFiles/cmTC_b4a46.dir/src.cxx.o
/usr/bin/c++    -Wall -Wextra -Wno-long-long -Wno-unused-value -Wno-unused-value -Wno-unused-value -Wno-unused-value -Wfloat-equal -Wshadow -Winit-self -Wswitch-default -Wmissing-include-dirs -pedantic -fvisibility=hidden -fvisibility-inlines-hidden -std=c++11 -DHAVE_ISNAN   -o CMakeFiles/cmTC_b4a46.dir/src.cxx.o -c /home/deadmanlogan/i_am_from_source/gazebo_7/build/CMakeFiles/CMakeTmp/src.cxx
In file included from /home/deadmanlogan/i_am_from_source/gazebo_7/build/CMakeFiles/CMakeTmp/src.cxx:1:0:
/home/deadmanlogan/i_am_from_source/gazebo_7/build/CMakeFiles/CMakeTmp/src.cxx: In function ‘int main()’:
/home/deadmanlogan/i_am_from_source/gazebo_7/build/CMakeFiles/CMakeTmp/src.cxx:2:13: error: non-floating-point argument in call to function ‘__builtin_isnan’
 int main() {isnan(0); return 1;}
             ^
CMakeFiles/cmTC_b4a46.dir/build.make:65: recipe for target 'CMakeFiles/cmTC_b4a46.dir/src.cxx.o' failed
make[1]: *** [CMakeFiles/cmTC_b4a46.dir/src.cxx.o] Error 1
make[1]: Leaving directory '/home/deadmanlogan/i_am_from_source/gazebo_7/build/CMakeFiles/CMakeTmp'
Makefile:121: recipe for target 'cmTC_b4a46/fast' failed
make: *** [cmTC_b4a46/fast] Error 2

Source file was:
#include <math.h> 
int main() {isnan(0); return 1;}
